Trabajo fin de curso/app/build/intermediates/manifest_merge_blame_file/debug/manifest-merger-blame-debug-report.txt
1<?xml version="1.0" encoding="utf-8"?>
2<manifest xmlns:android="http://schemas.android.com/apk/res/android"
3    package="com.riberadeltajo.marcos.proyectofindecurso"
4    android:versionCode="1"
5    android:versionName="1.0" >
6
7    <uses-sdk
8        android:minSdkVersion="24"
8-->src/main/AndroidManifest.xml
9        android:targetSdkVersion="31" />
9-->src/main/AndroidManifest.xml
10
11    <uses-permission android:name="android.permission.INTERNET" />
11-->[com.google.firebase:firebase-auth:21.0.1] AndroidManifest.xml:23:5-67
11-->[com.google.firebase:firebase-auth:21.0.1] AndroidManifest.xml:23:22-64
12    <uses-permission android:name="android.permission.ACCESS_NETWORK_STATE" />
12-->[com.google.firebase:firebase-auth:21.0.1] AndroidManifest.xml:24:5-79
12-->[com.google.firebase:firebase-auth:21.0.1] AndroidManifest.xml:24:22-76
13    <uses-permission android:name="android.permission.WAKE_LOCK" />
13-->[com.google.android.gms:play-services-measurement-api:19.0.2] AndroidManifest.xml:24:5-68
13-->[com.google.android.gms:play-services-measurement-api:19.0.2] AndroidManifest.xml:24:22-65
14    <uses-permission android:name="com.google.android.finsky.permission.BIND_GET_INSTALL_REFERRER_SERVICE" />
14-->[com.google.android.gms:play-services-measurement:19.0.2] AndroidManifest.xml:26:5-110
14-->[com.google.android.gms:play-services-measurement:19.0.2] AndroidManifest.xml:26:22-107
15
16    <application
16-->src/main/AndroidManifest.xml:5:5-31:19
17        android:allowBackup="true"
17-->src/main/AndroidManifest.xml:6:9-35
18        android:appComponentFactory="androidx.core.app.CoreComponentFactory"
18-->[androidx.core:core:1.7.0] AndroidManifest.xml:24:18-86
19        android:debuggable="true"
20        android:extractNativeLibs="false"
21        android:icon="@mipmap/ic_launcher"
21-->src/main/AndroidManifest.xml:7:9-43
22        android:label="@string/app_name"
22-->src/main/AndroidManifest.xml:8:9-41
23        android:roundIcon="@mipmap/ic_launcher_round"
23-->src/main/AndroidManifest.xml:9:9-54
24        android:supportsRtl="true"
24-->src/main/AndroidManifest.xml:10:9-35
25        android:testOnly="true"
26        android:theme="@style/ProyectoFinDeCurso" >
26-->src/main/AndroidManifest.xml:11:9-50
27        <activity
27-->src/main/AndroidManifest.xml:12:9-15:40
28            android:name="com.riberadeltajo.marcos.proyectofindecurso.GameIA"
28-->src/main/AndroidManifest.xml:13:13-35
29            android:exported="false"
29-->src/main/AndroidManifest.xml:15:13-37
30            android:screenOrientation="portrait" />
30-->src/main/AndroidManifest.xml:14:13-49
31        <activity
31-->src/main/AndroidManifest.xml:16:9-19:39
32            android:name="com.riberadeltajo.marcos.proyectofindecurso.InicioActivity"
32-->src/main/AndroidManifest.xml:17:13-43
33            android:exported="true"
33-->src/main/AndroidManifest.xml:19:13-36
34            android:screenOrientation="portrait" />
34-->src/main/AndroidManifest.xml:18:13-49
35        <activity
35-->src/main/AndroidManifest.xml:20:9-30:20
36            android:name="com.riberadeltajo.marcos.proyectofindecurso.MainActivity"
36-->src/main/AndroidManifest.xml:21:13-41
37            android:exported="true"
37-->src/main/AndroidManifest.xml:22:13-36
38            android:screenOrientation="portrait"
38-->src/main/AndroidManifest.xml:23:13-49
39            android:theme="@style/SplashScreen" >
39-->src/main/AndroidManifest.xml:24:13-48
40            <intent-filter>
40-->src/main/AndroidManifest.xml:25:13-29:29
41                <action android:name="android.intent.action.MAIN" />
41-->src/main/AndroidManifest.xml:26:17-69
41-->src/main/AndroidManifest.xml:26:25-66
42
43                <category android:name="android.intent.category.LAUNCHER" />
43-->src/main/AndroidManifest.xml:28:17-77
43-->src/main/AndroidManifest.xml:28:27-74
44            </intent-filter>
45        </activity>
46        <activity
46-->[com.google.firebase:firebase-auth:21.0.1] AndroidManifest.xml:27:9-44:20
47            android:name="com.google.firebase.auth.internal.GenericIdpActivity"
47-->[com.google.firebase:firebase-auth:21.0.1] AndroidManifest.xml:28:13-80
48            android:excludeFromRecents="true"
48-->[com.google.firebase:firebase-auth:21.0.1] AndroidManifest.xml:29:13-46
49            android:exported="true"
49-->[com.google.firebase:firebase-auth:21.0.1] AndroidManifest.xml:30:13-36
50            android:launchMode="singleTask"
50-->[com.google.firebase:firebase-auth:21.0.1] AndroidManifest.xml:31:13-44
51            android:theme="@android:style/Theme.Translucent.NoTitleBar" >
51-->[com.google.firebase:firebase-auth:21.0.1] AndroidManifest.xml:32:13-72
52            <intent-filter>
52-->[com.google.firebase:firebase-auth:21.0.1] AndroidManifest.xml:33:13-43:29
53                <action android:name="android.intent.action.VIEW" />
53-->[com.google.firebase:firebase-auth:21.0.1] AndroidManifest.xml:34:17-69
53-->[com.google.firebase:firebase-auth:21.0.1] AndroidManifest.xml:34:25-66
54
55                <category android:name="android.intent.category.DEFAULT" />
55-->[com.google.firebase:firebase-auth:21.0.1] AndroidManifest.xml:36:17-76
55-->[com.google.firebase:firebase-auth:21.0.1] AndroidManifest.xml:36:27-73
56                <category android:name="android.intent.category.BROWSABLE" />
56-->[com.google.firebase:firebase-auth:21.0.1] AndroidManifest.xml:37:17-78
56-->[com.google.firebase:firebase-auth:21.0.1] AndroidManifest.xml:37:27-75
57
58                <data
58-->[com.google.firebase:firebase-auth:21.0.1] AndroidManifest.xml:39:17-42:51
59                    android:host="firebase.auth"
59-->[com.google.firebase:firebase-auth:21.0.1] AndroidManifest.xml:40:21-49
60                    android:path="/"
60-->[com.google.firebase:firebase-auth:21.0.1] AndroidManifest.xml:41:21-37
61                    android:scheme="genericidp" />
61-->[com.google.firebase:firebase-auth:21.0.1] AndroidManifest.xml:42:21-48
62            </intent-filter>
63        </activity>
64        <activity
64-->[com.google.firebase:firebase-auth:21.0.1] AndroidManifest.xml:45:9-62:20
65            android:name="com.google.firebase.auth.internal.RecaptchaActivity"
65-->[com.google.firebase:firebase-auth:21.0.1] AndroidManifest.xml:46:13-79
66            android:excludeFromRecents="true"
66-->[com.google.firebase:firebase-auth:21.0.1] AndroidManifest.xml:47:13-46
67            android:exported="true"
67-->[com.google.firebase:firebase-auth:21.0.1] AndroidManifest.xml:48:13-36
68            android:launchMode="singleTask"
68-->[com.google.firebase:firebase-auth:21.0.1] AndroidManifest.xml:49:13-44
69            android:theme="@android:style/Theme.Translucent.NoTitleBar" >
69-->[com.google.firebase:firebase-auth:21.0.1] AndroidManifest.xml:50:13-72
70            <intent-filter>
70-->[com.google.firebase:firebase-auth:21.0.1] AndroidManifest.xml:51:13-61:29
71                <action android:name="android.intent.action.VIEW" />
71-->[com.google.firebase:firebase-auth:21.0.1] AndroidManifest.xml:34:17-69
71-->[com.google.firebase:firebase-auth:21.0.1] AndroidManifest.xml:34:25-66
72
73                <category android:name="android.intent.category.DEFAULT" />
73-->[com.google.firebase:firebase-auth:21.0.1] AndroidManifest.xml:36:17-76
73-->[com.google.firebase:firebase-auth:21.0.1] AndroidManifest.xml:36:27-73
74                <category android:name="android.intent.category.BROWSABLE" />
74-->[com.google.firebase:firebase-auth:21.0.1] AndroidManifest.xml:37:17-78
74-->[com.google.firebase:firebase-auth:21.0.1] AndroidManifest.xml:37:27-75
75
76                <data
76-->[com.google.firebase:firebase-auth:21.0.1] AndroidManifest.xml:39:17-42:51
77                    android:host="firebase.auth"
77-->[com.google.firebase:firebase-auth:21.0.1] AndroidManifest.xml:40:21-49
78                    android:path="/"
78-->[com.google.firebase:firebase-auth:21.0.1] AndroidManifest.xml:41:21-37
79                    android:scheme="recaptcha" />
79-->[com.google.firebase:firebase-auth:21.0.1] AndroidManifest.xml:42:21-48
80            </intent-filter>
81        </activity>
82
83        <service
83-->[com.google.firebase:firebase-auth:21.0.1] AndroidManifest.xml:64:9-73:19
84            android:name="com.google.firebase.auth.api.fallback.service.FirebaseAuthFallbackService"
84-->[com.google.firebase:firebase-auth:21.0.1] AndroidManifest.xml:65:13-101
85            android:enabled="true"
85-->[com.google.firebase:firebase-auth:21.0.1] AndroidManifest.xml:66:13-35
86            android:exported="false" >
86-->[com.google.firebase:firebase-auth:21.0.1] AndroidManifest.xml:67:13-37
87            <intent-filter>
87-->[com.google.firebase:firebase-auth:21.0.1] AndroidManifest.xml:68:13-72:29
88                <action android:name="com.google.firebase.auth.api.gms.service.START" />
88-->[com.google.firebase:firebase-auth:21.0.1] AndroidManifest.xml:69:17-89
88-->[com.google.firebase:firebase-auth:21.0.1] AndroidManifest.xml:69:25-86
89
90                <category android:name="android.intent.category.DEFAULT" />
90-->[com.google.firebase:firebase-auth:21.0.1] AndroidManifest.xml:36:17-76
90-->[com.google.firebase:firebase-auth:21.0.1] AndroidManifest.xml:36:27-73
91            </intent-filter>
92        </service>
93        <service
93-->[com.google.firebase:firebase-auth:21.0.1] AndroidManifest.xml:74:9-80:19
94            android:name="com.google.firebase.components.ComponentDiscoveryService"
94-->[com.google.firebase:firebase-auth:21.0.1] AndroidManifest.xml:75:13-84
95            android:directBootAware="true"
95-->[com.google.firebase:firebase-common:20.1.1] AndroidManifest.xml:35:13-43
96            android:exported="false" >
96-->[com.google.firebase:firebase-auth:21.0.1] AndroidManifest.xml:76:13-37
97            <meta-data
97-->[com.google.firebase:firebase-auth:21.0.1] AndroidManifest.xml:77:13-79:85
98                android:name="com.google.firebase.components:com.google.firebase.auth.FirebaseAuthRegistrar"
98-->[com.google.firebase:firebase-auth:21.0.1] AndroidManifest.xml:78:17-109
99                android:value="com.google.firebase.components.ComponentRegistrar" />
99-->[com.google.firebase:firebase-auth:21.0.1] AndroidManifest.xml:79:17-82
100            <meta-data
100-->[com.google.firebase:firebase-database:20.0.2] AndroidManifest.xml:32:13-34:85
101                android:name="com.google.firebase.components:com.google.firebase.database.DatabaseRegistrar"
101-->[com.google.firebase:firebase-database:20.0.2] AndroidManifest.xml:33:17-109
102                android:value="com.google.firebase.components.ComponentRegistrar" />
102-->[com.google.firebase:firebase-database:20.0.2] AndroidManifest.xml:34:17-82
103            <meta-data
103-->[com.google.firebase:firebase-storage:20.0.0] AndroidManifest.xml:33:13-35:85
104                android:name="com.google.firebase.components:com.google.firebase.storage.StorageRegistrar"
104-->[com.google.firebase:firebase-storage:20.0.0] AndroidManifest.xml:34:17-107
105                android:value="com.google.firebase.components.ComponentRegistrar" />
105-->[com.google.firebase:firebase-storage:20.0.0] AndroidManifest.xml:35:17-82
106            <meta-data
106-->[com.google.firebase:firebase-firestore:24.2.1] AndroidManifest.xml:20:13-22:85
107                android:name="com.google.firebase.components:com.google.firebase.firestore.FirestoreRegistrar"
107-->[com.google.firebase:firebase-firestore:24.2.1] AndroidManifest.xml:21:17-111
108                android:value="com.google.firebase.components.ComponentRegistrar" />
108-->[com.google.firebase:firebase-firestore:24.2.1] AndroidManifest.xml:22:17-82
109            <meta-data
109-->[com.google.android.gms:play-services-measurement-api:19.0.2] AndroidManifest.xml:30:13-32:85
110                android:name="com.google.firebase.components:com.google.firebase.analytics.connector.internal.AnalyticsConnectorRegistrar"
110-->[com.google.android.gms:play-services-measurement-api:19.0.2] AndroidManifest.xml:31:17-139
111                android:value="com.google.firebase.components.ComponentRegistrar" />
111-->[com.google.android.gms:play-services-measurement-api:19.0.2] AndroidManifest.xml:32:17-82
112            <meta-data
112-->[com.google.firebase:firebase-installations:17.0.0] AndroidManifest.xml:18:13-20:85
113                android:name="com.google.firebase.components:com.google.firebase.installations.FirebaseInstallationsRegistrar"
113-->[com.google.firebase:firebase-installations:17.0.0] AndroidManifest.xml:19:17-127
114                android:value="com.google.firebase.components.ComponentRegistrar" />
114-->[com.google.firebase:firebase-installations:17.0.0] AndroidManifest.xml:20:17-82
115        </service>
116
117        <activity
117-->[com.google.android.gms:play-services-auth:19.2.0] AndroidManifest.xml:23:9-27:75
118            android:name="com.google.android.gms.auth.api.signin.internal.SignInHubActivity"
118-->[com.google.android.gms:play-services-auth:19.2.0] AndroidManifest.xml:24:13-93
119            android:excludeFromRecents="true"
119-->[com.google.android.gms:play-services-auth:19.2.0] AndroidManifest.xml:25:13-46
120            android:exported="false"
120-->[com.google.android.gms:play-services-auth:19.2.0] AndroidManifest.xml:26:13-37
121            android:theme="@android:style/Theme.Translucent.NoTitleBar" />
121-->[com.google.android.gms:play-services-auth:19.2.0] AndroidManifest.xml:27:13-72
122        <!--
123            Service handling Google Sign-In user revocation. For apps that do not integrate with
124            Google Sign-In, this service will never be started.
125        -->
126        <service
126-->[com.google.android.gms:play-services-auth:19.2.0] AndroidManifest.xml:33:9-37:51
127            android:name="com.google.android.gms.auth.api.signin.RevocationBoundService"
127-->[com.google.android.gms:play-services-auth:19.2.0] AndroidManifest.xml:34:13-89
128            android:exported="true"
128-->[com.google.android.gms:play-services-auth:19.2.0] AndroidManifest.xml:35:13-36
129            android:permission="com.google.android.gms.auth.api.signin.permission.REVOCATION_NOTIFICATION"
129-->[com.google.android.gms:play-services-auth:19.2.0] AndroidManifest.xml:36:13-107
130            android:visibleToInstantApps="true" />
130-->[com.google.android.gms:play-services-auth:19.2.0] AndroidManifest.xml:37:13-48
131
132        <provider
132-->[com.google.firebase:firebase-common:20.1.1] AndroidManifest.xml:26:9-31:39
133            android:name="com.google.firebase.provider.FirebaseInitProvider"
133-->[com.google.firebase:firebase-common:20.1.1] AndroidManifest.xml:27:13-77
134            android:authorities="com.riberadeltajo.marcos.proyectofindecurso.firebaseinitprovider"
134-->[com.google.firebase:firebase-common:20.1.1] AndroidManifest.xml:28:13-72
135            android:directBootAware="true"
135-->[com.google.firebase:firebase-common:20.1.1] AndroidManifest.xml:29:13-43
136            android:exported="false"
136-->[com.google.firebase:firebase-common:20.1.1] AndroidManifest.xml:30:13-37
137            android:initOrder="100" />
137-->[com.google.firebase:firebase-common:20.1.1] AndroidManifest.xml:31:13-36
138
139        <activity
139-->[com.google.android.gms:play-services-base:18.0.1] AndroidManifest.xml:20:9-22:45
140            android:name="com.google.android.gms.common.api.GoogleApiActivity"
140-->[com.google.android.gms:play-services-base:18.0.1] AndroidManifest.xml:20:19-85
141            android:exported="false"
141-->[com.google.android.gms:play-services-base:18.0.1] AndroidManifest.xml:22:19-43
142            android:theme="@android:style/Theme.Translucent.NoTitleBar" />
142-->[com.google.android.gms:play-services-base:18.0.1] AndroidManifest.xml:21:19-78
143
144        <receiver
144-->[com.google.android.gms:play-services-measurement:19.0.2] AndroidManifest.xml:29:9-33:20
145            android:name="com.google.android.gms.measurement.AppMeasurementReceiver"
145-->[com.google.android.gms:play-services-measurement:19.0.2] AndroidManifest.xml:30:13-85
146            android:enabled="true"
146-->[com.google.android.gms:play-services-measurement:19.0.2] AndroidManifest.xml:31:13-35
147            android:exported="false" >
147-->[com.google.android.gms:play-services-measurement:19.0.2] AndroidManifest.xml:32:13-37
148        </receiver>
149
150        <service
150-->[com.google.android.gms:play-services-measurement:19.0.2] AndroidManifest.xml:35:9-38:40
151            android:name="com.google.android.gms.measurement.AppMeasurementService"
151-->[com.google.android.gms:play-services-measurement:19.0.2] AndroidManifest.xml:36:13-84
152            android:enabled="true"
152-->[com.google.android.gms:play-services-measurement:19.0.2] AndroidManifest.xml:37:13-35
153            android:exported="false" />
153-->[com.google.android.gms:play-services-measurement:19.0.2] AndroidManifest.xml:38:13-37
154        <service
154-->[com.google.android.gms:play-services-measurement:19.0.2] AndroidManifest.xml:39:9-43:72
155            android:name="com.google.android.gms.measurement.AppMeasurementJobService"
155-->[com.google.android.gms:play-services-measurement:19.0.2] AndroidManifest.xml:40:13-87
156            android:enabled="true"
156-->[com.google.android.gms:play-services-measurement:19.0.2] AndroidManifest.xml:41:13-35
157            android:exported="false"
157-->[com.google.android.gms:play-services-measurement:19.0.2] AndroidManifest.xml:42:13-37
158            android:permission="android.permission.BIND_JOB_SERVICE" />
158-->[com.google.android.gms:play-services-measurement:19.0.2] AndroidManifest.xml:43:13-69
159
160        <meta-data
160-->[com.google.android.gms:play-services-basement:18.0.0] AndroidManifest.xml:21:9-23:69
161            android:name="com.google.android.gms.version"
161-->[com.google.android.gms:play-services-basement:18.0.0] AndroidManifest.xml:22:13-58
162            android:value="@integer/google_play_services_version" />
162-->[com.google.android.gms:play-services-basement:18.0.0] AndroidManifest.xml:23:13-66
163
164        <provider
164-->[androidx.emoji2:emoji2:1.0.0] AndroidManifest.xml:26:9-34:20
165            android:name="androidx.startup.InitializationProvider"
165-->[androidx.emoji2:emoji2:1.0.0] AndroidManifest.xml:27:13-67
166            android:authorities="com.riberadeltajo.marcos.proyectofindecurso.androidx-startup"
166-->[androidx.emoji2:emoji2:1.0.0] AndroidManifest.xml:28:13-68
167            android:exported="false" >
167-->[androidx.emoji2:emoji2:1.0.0] AndroidManifest.xml:29:13-37
168            <meta-data
168-->[androidx.emoji2:emoji2:1.0.0] AndroidManifest.xml:31:13-33:52
169                android:name="androidx.emoji2.text.EmojiCompatInitializer"
169-->[androidx.emoji2:emoji2:1.0.0] AndroidManifest.xml:32:17-75
170                android:value="androidx.startup" />
170-->[androidx.emoji2:emoji2:1.0.0] AndroidManifest.xml:33:17-49
171            <meta-data
171-->[androidx.lifecycle:lifecycle-process:2.4.0] AndroidManifest.xml:31:13-33:52
172                android:name="androidx.lifecycle.ProcessLifecycleInitializer"
172-->[androidx.lifecycle:lifecycle-process:2.4.0] AndroidManifest.xml:32:17-78
173                android:value="androidx.startup" />
173-->[androidx.lifecycle:lifecycle-process:2.4.0] AndroidManifest.xml:33:17-49
174        </provider>
175    </application>
176
177</manifest>